<?xml version="1.0" encoding="UTF-8"?>
<!-- Generated by org.testng.reporters.JUnitXMLReporter -->
<testsuite ignored="0" hostname="MSI" failures="0" tests="2" name="Surefire test" time="605.317" errors="0" timestamp="2020-12-16T15:37:22 MSK">
  <testcase classname="test.UserAccessTest" name="@BeforeTest setBrowserOptions" time="601.767">
    <failure type="org.openqa.selenium.SessionNotCreatedException" message="session not created
from timeout: Timed out receiving message from renderer: 600.000
  (Session info: chrome=87.0.4280.88)
Build info: version: &amp;apos;3.141.59&amp;apos;, revision: &amp;apos;e82be7d358&amp;apos;, time: &amp;apos;2018-11-14T08:17:03&amp;apos;
System info: host: &amp;apos;MSI&amp;apos;, ip: &amp;apos;192.168.137.1&amp;apos;, os.name: &amp;apos;Windows 10&amp;apos;, os.arch: &amp;apos;amd64&amp;apos;, os.version: &amp;apos;10.0&amp;apos;, java.version: &amp;apos;11.0.8&amp;apos;
Driver info: driver.version: ChromeDriver
remote stacktrace: Backtrace:
	Ordinal0 [0x007FC0C3+3326147]
	Ordinal0 [0x006E0851+2164817]
	Ordinal0 [0x00567298+619160]
	Ordinal0 [0x0055B17F+569727]
	Ordinal0 [0x0055A421+566305]
	Ordinal0 [0x0055A815+567317]
	Ordinal0 [0x0055A135+565557]
	Ordinal0 [0x0055FEF0+589552]
	Ordinal0 [0x0055A0F1+565489]
	Ordinal0 [0x0055AEA2+568994]
	Ordinal0 [0x0055A421+566305]
	Ordinal0 [0x0055A815+567317]
	Ordinal0 [0x0055A135+565557]
	Ordinal0 [0x0055F075+585845]
	Ordinal0 [0x0055A0F1+565489]
	Ordinal0 [0x0055AEA2+568994]
	Ordinal0 [0x0055A421+566305]
	Ordinal0 [0x0055A815+567317]
	Ordinal0 [0x0055A135+565557]
	Ordinal0 [0x00556776+550774]
	Ordinal0 [0x0055A0F1+565489]
	Ordinal0 [0x00559F13+565011]
	Ordinal0 [0x00559D07+564487]
	Ordinal0 [0x005682C0+623296]
	Ordinal0 [0x00506BDD+224221]
	Ordinal0 [0x00505CAC+220332]
	Ordinal0 [0x0050189B+202907]
	Ordinal0 [0x004E3DF4+81396]
	Ordinal0 [0x004E4DEE+85486]
	Ordinal0 [0x004E4D79+85369]
	Ordinal0 [0x006F85DC+2262492]
	GetHandleVerifier [0x00982874+1487204]
	GetHandleVerifier [0x009823CD+1486013]
	GetHandleVerifier [0x0098A368+1518680]
	GetHandleVerifier [0x00982F4E+1488958]
	Ordinal0 [0x006EED0D+2223373]
	Ordinal0 [0x006FA12B+2269483]
	Ordinal0 [0x006FA26F+2269807]
	Ordinal0 [0x0070ECB8+2354360]
	BaseThreadInitThunk [0x77C2FA29+25]
	RtlGetAppContainerNamedObjectPath [0x77E375F4+228]
	RtlGetAppContainerNamedObjectPath [0x77E375C4+180]
">
      <![CDATA[org.openqa.selenium.SessionNotCreatedException: session not created
from timeout: Timed out receiving message from renderer: 600.000
  (Session info: chrome=87.0.4280.88)
Build info: version: '3.141.59', revision: 'e82be7d358', time: '2018-11-14T08:17:03'
System info: host: 'MSI', ip: '192.168.137.1', os.name: 'Windows 10', os.arch: 'amd64', os.version: '10.0', java.version: '11.0.8'
Driver info: driver.version: ChromeDriver
remote stacktrace: Backtrace:
Ordinal0 [0x007FC0C3+3326147]
Ordinal0 [0x006E0851+2164817]
Ordinal0 [0x00567298+619160]
Ordinal0 [0x0055B17F+569727]
Ordinal0 [0x0055A421+566305]
Ordinal0 [0x0055A815+567317]
Ordinal0 [0x0055A135+565557]
Ordinal0 [0x0055FEF0+589552]
Ordinal0 [0x0055A0F1+565489]
Ordinal0 [0x0055AEA2+568994]
Ordinal0 [0x0055A421+566305]
Ordinal0 [0x0055A815+567317]
Ordinal0 [0x0055A135+565557]
Ordinal0 [0x0055F075+585845]
Ordinal0 [0x0055A0F1+565489]
Ordinal0 [0x0055AEA2+568994]
Ordinal0 [0x0055A421+566305]
Ordinal0 [0x0055A815+567317]
Ordinal0 [0x0055A135+565557]
Ordinal0 [0x00556776+550774]
Ordinal0 [0x0055A0F1+565489]
Ordinal0 [0x00559F13+565011]
Ordinal0 [0x00559D07+564487]
Ordinal0 [0x005682C0+623296]
Ordinal0 [0x00506BDD+224221]
Ordinal0 [0x00505CAC+220332]
Ordinal0 [0x0050189B+202907]
Ordinal0 [0x004E3DF4+81396]
Ordinal0 [0x004E4DEE+85486]
Ordinal0 [0x004E4D79+85369]
Ordinal0 [0x006F85DC+2262492]
GetHandleVerifier [0x00982874+1487204]
GetHandleVerifier [0x009823CD+1486013]
GetHandleVerifier [0x0098A368+1518680]
GetHandleVerifier [0x00982F4E+1488958]
Ordinal0 [0x006EED0D+2223373]
Ordinal0 [0x006FA12B+2269483]
Ordinal0 [0x006FA26F+2269807]
Ordinal0 [0x0070ECB8+2354360]
BaseThreadInitThunk [0x77C2FA29+25]
RtlGetAppContainerNamedObjectPath [0x77E375F4+228]
RtlGetAppContainerNamedObjectPath [0x77E375C4+180]

at org.openqa.selenium.remote.W3CHandshakeResponse.lambda$errorHandler$0(W3CHandshakeResponse.java:62)
at org.openqa.selenium.remote.HandshakeResponse.lambda$getResponseFunction$0(HandshakeResponse.java:30)
at org.openqa.selenium.remote.ProtocolHandshake.lambda$createSession$0(ProtocolHandshake.java:126)
at java.base/java.util.stream.ReferencePipeline$3$1.accept(ReferencePipeline.java:195)
at java.base/java.util.Spliterators$ArraySpliterator.tryAdvance(Spliterators.java:958)
at java.base/java.util.stream.ReferencePipeline.forEachWithCancel(ReferencePipeline.java:127)
at java.base/java.util.stream.AbstractPipeline.copyIntoWithCancel(AbstractPipeline.java:502)
at java.base/java.util.stream.AbstractPipeline.copyInto(AbstractPipeline.java:488)
at java.base/java.util.stream.AbstractPipeline.wrapAndCopyInto(AbstractPipeline.java:474)
at java.base/java.util.stream.FindOps$FindOp.evaluateSequential(FindOps.java:150)
at java.base/java.util.stream.AbstractPipeline.evaluate(AbstractPipeline.java:234)
at java.base/java.util.stream.ReferencePipeline.findFirst(ReferencePipeline.java:543)
at org.openqa.selenium.remote.ProtocolHandshake.createSession(ProtocolHandshake.java:128)
at org.openqa.selenium.remote.ProtocolHandshake.createSession(ProtocolHandshake.java:74)
at org.openqa.selenium.remote.HttpCommandExecutor.execute(HttpCommandExecutor.java:136)
at org.openqa.selenium.remote.service.DriverCommandExecutor.execute(DriverCommandExecutor.java:83)
at org.openqa.selenium.remote.RemoteWebDriver.execute(RemoteWebDriver.java:552)
at org.openqa.selenium.remote.RemoteWebDriver.startSession(RemoteWebDriver.java:213)
at org.openqa.selenium.remote.RemoteWebDriver.<init>(RemoteWebDriver.java:131)
at org.openqa.selenium.chrome.ChromeDriver.<init>(ChromeDriver.java:181)
at org.openqa.selenium.chrome.ChromeDriver.<init>(ChromeDriver.java:168)
at org.openqa.selenium.chrome.ChromeDriver.<init>(ChromeDriver.java:157)
at test.UserAccessTest.setBrowserOptions(UserAccessTest.java:33)
... Removed 33 stack frames]]>
    </failure>
  </testcase> <!-- @BeforeTest setBrowserOptions -->
  <testcase classname="test.UserAccessTest" name="@AfterTest closeBrowser" time="0.0">
    <failure type="java.lang.NullPointerException">
      <![CDATA[java.lang.NullPointerException
at test.UserAccessTest.closeBrowser(UserAccessTest.java:49)
... Removed 29 stack frames]]>
    </failure>
  </testcase> <!-- @AfterTest closeBrowser -->
  <testcase classname="test.TestPageObjectWebDriver" name="TestPriceOfProductAndDeliveringInCart" time="0.0">
    <skipped/>
  </testcase> <!-- TestPriceOfProductAndDeliveringInCart -->
  <testcase classname="test.UserAccessTest" name="userCanLoginTest" time="0.0">
    <skipped/>
  </testcase> <!-- userCanLoginTest -->
</testsuite> <!-- Surefire test -->
