<?xml version="1.0" encoding="UTF-8"?>
<testng-results ignored="0" total="1" passed="1" failed="0" skipped="0">
  <reporter-output>
  </reporter-output>
  <suite started-at="2020-12-16T15:05:38 MSK" name="Surefire suite" finished-at="2020-12-16T15:05:55 MSK" duration-ms="16800">
    <groups>
    </groups>
    <test started-at="2020-12-16T15:05:38 MSK" name="Surefire test" finished-at="2020-12-16T15:05:55 MSK" duration-ms="16800">
      <class name="WebDriverTest">
        <test-method is-config="true" signature="setBrowserOptions()[pri:0, instance:WebDriverTest@38c6f217]" started-at="2020-12-16T15:05:38 MSK" name="setBrowserOptions" finished-at="2020-12-16T15:05:40 MSK" duration-ms="2565" status="PASS">
          <reporter-output>
          </reporter-output>
        </test-method> <!-- setBrowserOptions -->
        <test-method signature="TestAddProductToCart()[pri:0, instance:WebDriverTest@38c6f217]" started-at="2020-12-16T15:05:40 MSK" name="TestAddProductToCart" finished-at="2020-12-16T15:05:54 MSK" duration-ms="13293" status="PASS">
          <reporter-output>
          </reporter-output>
        </test-method> <!-- TestAddProductToCart -->
        <test-method is-config="true" signature="closeBrowser()[pri:0, instance:WebDriverTest@38c6f217]" started-at="2020-12-16T15:05:54 MSK" name="closeBrowser" finished-at="2020-12-16T15:05:55 MSK" duration-ms="912" status="PASS">
          <reporter-output>
          </reporter-output>
        </test-method> <!-- closeBrowser -->
      </class> <!-- WebDriverTest -->
    </test> <!-- Surefire test -->
  </suite> <!-- Surefire suite -->
</testng-results>
