<?xml version="1.0" encoding="UTF-8"?>
<testsuite xmlns:xsi="http://www.w3.org/2001/XMLSchema-instance" xsi:noNamespaceSchemaLocation="https://maven.apache.org/surefire/maven-surefire-plugin/xsd/surefire-test-report-3.0.xsd" version="3.0" name="TestSuite" time="605.829" tests="4" errors="0" skipped="2" failures="2">
  <properties>
[...]
</properties>
  <testcase name="setBrowserOptions" classname="test.UserAccessTest" time="605.053">
    <failure message="session not created&#10;from timeout: Timed out receiving message from renderer: 600.000&#10;  (Session info: chrome=87.0.4280.88)&#10;Build info: version: &apos;3.141.59&apos;, revision: &apos;e82be7d358&apos;, time: &apos;2018-11-14T08:17:03&apos;&#10;System info: host: &apos;MSI&apos;, ip: &apos;192.168.137.1&apos;, os.name: &apos;Windows 10&apos;, os.arch: &apos;amd64&apos;, os.version: &apos;10.0&apos;, java.version: &apos;11.0.8&apos;&#10;Driver info: driver.version: ChromeDriver&#10;remote stacktrace: Backtrace:&#10;	Ordinal0 [0x007FC0C3+3326147]&#10;	Ordinal0 [0x006E0851+2164817]&#10;	Ordinal0 [0x00567298+619160]&#10;	Ordinal0 [0x0055B17F+569727]&#10;	Ordinal0 [0x0055A421+566305]&#10;	Ordinal0 [0x0055A815+567317]&#10;	Ordinal0 [0x0055A135+565557]&#10;	Ordinal0 [0x0055FEF0+589552]&#10;	Ordinal0 [0x0055A0F1+565489]&#10;	Ordinal0 [0x0055AEA2+568994]&#10;	Ordinal0 [0x0055A421+566305]&#10;	Ordinal0 [0x0055A815+567317]&#10;	Ordinal0 [0x0055A135+565557]&#10;	Ordinal0 [0x0055F075+585845]&#10;	Ordinal0 [0x0055A0F1+565489]&#10;	Ordinal0 [0x0055AEA2+568994]&#10;	Ordinal0 [0x0055A421+566305]&#10;	Ordinal0 [0x0055A815+567317]&#10;	Ordinal0 [0x0055A135+565557]&#10;	Ordinal0 [0x00556776+550774]&#10;	Ordinal0 [0x0055A0F1+565489]&#10;	Ordinal0 [0x00559F13+565011]&#10;	Ordinal0 [0x00559D07+564487]&#10;	Ordinal0 [0x005682C0+623296]&#10;	Ordinal0 [0x00506BDD+224221]&#10;	Ordinal0 [0x00505CAC+220332]&#10;	Ordinal0 [0x0050189B+202907]&#10;	Ordinal0 [0x004E3DF4+81396]&#10;	Ordinal0 [0x004E4DEE+85486]&#10;	Ordinal0 [0x004E4D79+85369]&#10;	Ordinal0 [0x006F85DC+2262492]&#10;	GetHandleVerifier [0x00982874+1487204]&#10;	GetHandleVerifier [0x009823CD+1486013]&#10;	GetHandleVerifier [0x0098A368+1518680]&#10;	GetHandleVerifier [0x00982F4E+1488958]&#10;	Ordinal0 [0x006EED0D+2223373]&#10;	Ordinal0 [0x006FA12B+2269483]&#10;	Ordinal0 [0x006FA26F+2269807]&#10;	Ordinal0 [0x0070ECB8+2354360]&#10;	BaseThreadInitThunk [0x77C2FA29+25]&#10;	RtlGetAppContainerNamedObjectPath [0x77E375F4+228]&#10;	RtlGetAppContainerNamedObjectPath [0x77E375C4+180]&#10;" type="org.openqa.selenium.SessionNotCreatedException">org.openqa.selenium.SessionNotCreatedException: 
session not created
from timeout: Timed out receiving message from renderer: 600.000
  (Session info: chrome=87.0.4280.88)
Build info: version: '3.141.59', revision: 'e82be7d358', time: '2018-11-14T08:17:03'
System info: host: 'MSI', ip: '192.168.137.1', os.name: 'Windows 10', os.arch: 'amd64', os.version: '10.0', java.version: '11.0.8'
Driver info: driver.version: ChromeDriver
remote stacktrace: Backtrace:
	Ordinal0 [0x007FC0C3+3326147]
	Ordinal0 [0x006E0851+2164817]
	Ordinal0 [0x00567298+619160]
	Ordinal0 [0x0055B17F+569727]
	Ordinal0 [0x0055A421+566305]
	Ordinal0 [0x0055A815+567317]
	Ordinal0 [0x0055A135+565557]
	Ordinal0 [0x0055FEF0+589552]
	Ordinal0 [0x0055A0F1+565489]
	Ordinal0 [0x0055AEA2+568994]
	Ordinal0 [0x0055A421+566305]
	Ordinal0 [0x0055A815+567317]
	Ordinal0 [0x0055A135+565557]
	Ordinal0 [0x0055F075+585845]
	Ordinal0 [0x0055A0F1+565489]
	Ordinal0 [0x0055AEA2+568994]
	Ordinal0 [0x0055A421+566305]
	Ordinal0 [0x0055A815+567317]
	Ordinal0 [0x0055A135+565557]
	Ordinal0 [0x00556776+550774]
	Ordinal0 [0x0055A0F1+565489]
	Ordinal0 [0x00559F13+565011]
	Ordinal0 [0x00559D07+564487]
	Ordinal0 [0x005682C0+623296]
	Ordinal0 [0x00506BDD+224221]
	Ordinal0 [0x00505CAC+220332]
	Ordinal0 [0x0050189B+202907]
	Ordinal0 [0x004E3DF4+81396]
	Ordinal0 [0x004E4DEE+85486]
	Ordinal0 [0x004E4D79+85369]
	Ordinal0 [0x006F85DC+2262492]
	GetHandleVerifier [0x00982874+1487204]
	GetHandleVerifier [0x009823CD+1486013]
	GetHandleVerifier [0x0098A368+1518680]
	GetHandleVerifier [0x00982F4E+1488958]
	Ordinal0 [0x006EED0D+2223373]
	Ordinal0 [0x006FA12B+2269483]
	Ordinal0 [0x006FA26F+2269807]
	Ordinal0 [0x0070ECB8+2354360]
	BaseThreadInitThunk [0x77C2FA29+25]
	RtlGetAppContainerNamedObjectPath [0x77E375F4+228]
	RtlGetAppContainerNamedObjectPath [0x77E375C4+180]

	at test.UserAccessTest.setBrowserOptions(UserAccessTest.java:33)
</failure>
    <system-err><![CDATA[Starting ChromeDriver 87.0.4280.88 (89e2380a3e36c3464b5dd1302349b1382549290d-refs/branch-heads/4280@{#1761}) on port 32733
Only local connections are allowed.
Please see https://chromedriver.chromium.org/security-considerations for suggestions on keeping ChromeDriver safe.
ChromeDriver was started successfully.
дек. 16, 2020 3:27:19 PM org.openqa.selenium.remote.ProtocolHandshake createSession
INFO: Detected dialect: W3C
Starting ChromeDriver 87.0.4280.88 (89e2380a3e36c3464b5dd1302349b1382549290d-refs/branch-heads/4280@{#1761}) on port 40618
Only local connections are allowed.
Please see https://chromedriver.chromium.org/security-considerations for suggestions on keeping ChromeDriver safe.
ChromeDriver was started successfully.
[1608122241.428][SEVERE]: Timed out receiving message from renderer: 600.000
]]></system-err>
  </testcase>
  <testcase name="TestPriceOfProductAndDeliveringInCart" classname="test.TestPageObjectWebDriver" time="0">
    <skipped message="session not created&#10;from timeout: Timed out receiving message from renderer: 600.000&#10;  (Session info: chrome=87.0.4280.88)&#10;Build info: version: &apos;3.141.59&apos;, revision: &apos;e82be7d358&apos;, time: &apos;2018-11-14T08:17:03&apos;&#10;System info: host: &apos;MSI&apos;, ip: &apos;192.168.137.1&apos;, os.name: &apos;Windows 10&apos;, os.arch: &apos;amd64&apos;, os.version: &apos;10.0&apos;, java.version: &apos;11.0.8&apos;&#10;Driver info: driver.version: ChromeDriver&#10;remote stacktrace: Backtrace:&#10;	Ordinal0 [0x007FC0C3+3326147]&#10;	Ordinal0 [0x006E0851+2164817]&#10;	Ordinal0 [0x00567298+619160]&#10;	Ordinal0 [0x0055B17F+569727]&#10;	Ordinal0 [0x0055A421+566305]&#10;	Ordinal0 [0x0055A815+567317]&#10;	Ordinal0 [0x0055A135+565557]&#10;	Ordinal0 [0x0055FEF0+589552]&#10;	Ordinal0 [0x0055A0F1+565489]&#10;	Ordinal0 [0x0055AEA2+568994]&#10;	Ordinal0 [0x0055A421+566305]&#10;	Ordinal0 [0x0055A815+567317]&#10;	Ordinal0 [0x0055A135+565557]&#10;	Ordinal0 [0x0055F075+585845]&#10;	Ordinal0 [0x0055A0F1+565489]&#10;	Ordinal0 [0x0055AEA2+568994]&#10;	Ordinal0 [0x0055A421+566305]&#10;	Ordinal0 [0x0055A815+567317]&#10;	Ordinal0 [0x0055A135+565557]&#10;	Ordinal0 [0x00556776+550774]&#10;	Ordinal0 [0x0055A0F1+565489]&#10;	Ordinal0 [0x00559F13+565011]&#10;	Ordinal0 [0x00559D07+564487]&#10;	Ordinal0 [0x005682C0+623296]&#10;	Ordinal0 [0x00506BDD+224221]&#10;	Ordinal0 [0x00505CAC+220332]&#10;	Ordinal0 [0x0050189B+202907]&#10;	Ordinal0 [0x004E3DF4+81396]&#10;	Ordinal0 [0x004E4DEE+85486]&#10;	Ordinal0 [0x004E4D79+85369]&#10;	Ordinal0 [0x006F85DC+2262492]&#10;	GetHandleVerifier [0x00982874+1487204]&#10;	GetHandleVerifier [0x009823CD+1486013]&#10;	GetHandleVerifier [0x0098A368+1518680]&#10;	GetHandleVerifier [0x00982F4E+1488958]&#10;	Ordinal0 [0x006EED0D+2223373]&#10;	Ordinal0 [0x006FA12B+2269483]&#10;	Ordinal0 [0x006FA26F+2269807]&#10;	Ordinal0 [0x0070ECB8+2354360]&#10;	BaseThreadInitThunk [0x77C2FA29+25]&#10;	RtlGetAppContainerNamedObjectPath [0x77E375F4+228]&#10;	RtlGetAppContainerNamedObjectPath [0x77E375C4+180]&#10;"/>
  </testcase>
  <testcase name="userCanLoginTest" classname="test.UserAccessTest" time="0">
    <skipped message="session not created&#10;from timeout: Timed out receiving message from renderer: 600.000&#10;  (Session info: chrome=87.0.4280.88)&#10;Build info: version: &apos;3.141.59&apos;, revision: &apos;e82be7d358&apos;, time: &apos;2018-11-14T08:17:03&apos;&#10;System info: host: &apos;MSI&apos;, ip: &apos;192.168.137.1&apos;, os.name: &apos;Windows 10&apos;, os.arch: &apos;amd64&apos;, os.version: &apos;10.0&apos;, java.version: &apos;11.0.8&apos;&#10;Driver info: driver.version: ChromeDriver&#10;remote stacktrace: Backtrace:&#10;	Ordinal0 [0x007FC0C3+3326147]&#10;	Ordinal0 [0x006E0851+2164817]&#10;	Ordinal0 [0x00567298+619160]&#10;	Ordinal0 [0x0055B17F+569727]&#10;	Ordinal0 [0x0055A421+566305]&#10;	Ordinal0 [0x0055A815+567317]&#10;	Ordinal0 [0x0055A135+565557]&#10;	Ordinal0 [0x0055FEF0+589552]&#10;	Ordinal0 [0x0055A0F1+565489]&#10;	Ordinal0 [0x0055AEA2+568994]&#10;	Ordinal0 [0x0055A421+566305]&#10;	Ordinal0 [0x0055A815+567317]&#10;	Ordinal0 [0x0055A135+565557]&#10;	Ordinal0 [0x0055F075+585845]&#10;	Ordinal0 [0x0055A0F1+565489]&#10;	Ordinal0 [0x0055AEA2+568994]&#10;	Ordinal0 [0x0055A421+566305]&#10;	Ordinal0 [0x0055A815+567317]&#10;	Ordinal0 [0x0055A135+565557]&#10;	Ordinal0 [0x00556776+550774]&#10;	Ordinal0 [0x0055A0F1+565489]&#10;	Ordinal0 [0x00559F13+565011]&#10;	Ordinal0 [0x00559D07+564487]&#10;	Ordinal0 [0x005682C0+623296]&#10;	Ordinal0 [0x00506BDD+224221]&#10;	Ordinal0 [0x00505CAC+220332]&#10;	Ordinal0 [0x0050189B+202907]&#10;	Ordinal0 [0x004E3DF4+81396]&#10;	Ordinal0 [0x004E4DEE+85486]&#10;	Ordinal0 [0x004E4D79+85369]&#10;	Ordinal0 [0x006F85DC+2262492]&#10;	GetHandleVerifier [0x00982874+1487204]&#10;	GetHandleVerifier [0x009823CD+1486013]&#10;	GetHandleVerifier [0x0098A368+1518680]&#10;	GetHandleVerifier [0x00982F4E+1488958]&#10;	Ordinal0 [0x006EED0D+2223373]&#10;	Ordinal0 [0x006FA12B+2269483]&#10;	Ordinal0 [0x006FA26F+2269807]&#10;	Ordinal0 [0x0070ECB8+2354360]&#10;	BaseThreadInitThunk [0x77C2FA29+25]&#10;	RtlGetAppContainerNamedObjectPath [0x77E375F4+228]&#10;	RtlGetAppContainerNamedObjectPath [0x77E375C4+180]&#10;"/>
  </testcase>
  <testcase name="closeBrowser" classname="test.UserAccessTest" time="0.59">
    <failure type="java.lang.NullPointerException">java.lang.NullPointerException
	at test.UserAccessTest.closeBrowser(UserAccessTest.java:49)
</failure>
  </testcase>
</testsuite>